<?xml version="1.0" encoding="utf-8"?><testsuites><testsuite name="pytest" errors="0" failures="0" skipped="0" tests="4" time="13.075" timestamp="2022-03-02T16:57:08.640297" hostname="Romik_Khadela"><testcase classname="test_HomePage.TestHomePage" name="test_formSubmission[getData0]" time="3.431" /><testcase classname="test_HomePage.TestHomePage" name="test_getLogger" time="0.265" /><testcase classname="test_e2e.TestOne" name="test_e2e" time="9.106" /><testcase classname="test_e2e.TestOne" name="test_getLogger" time="0.187" /></testsuite></testsuites>